{"name": "test_Login[argVals1]", "status": "failed", "statusDetails": {"message": "AssertionError: Title validation failed...Got title as One Link instead of ONE LINK", "trace": "self = <testcases.test_Login.Test_Login object at 0x00000175F4FBD100>, argVals = {'Browser': 'firefox', 'Password': 'super1', 'RunMode': 'Y', 'Username': 'super'}\n\n    @pytest.mark.parametrize(\"argVals\", readData.getData(testCaseName, constants.XLS_PATH))\n    def test_Login(self, argVals):\n        dataRunMode = argVals[constants.RUNMODE]\n        testrunMode = readData.isRunnable(self.testCaseName, constants.XLS_PATH)\n        if(testrunMode):\n            if(dataRunMode==constants.RUNMODEYES):\n                #calling driverscript\n>               d.execute(self.testCaseName,constants.XLS_PATH, argVals)\n\ntestcases\\test_Login.py:19: \n_ _ _ _ _ _ _ _ _ _ _ _ _ _ _ _ _ _ _ _ _ _ _ _ _ _ _ _ _ _ _ _ _ _ _ _ _ _ _ _ _ _ _ _ _ _ _ _ _ _ _ _ _ _ _ _ _ _ _ _ _ _ _ _ _ _ _ _ _ _ _ _ _ _ _ _ _ _ _ _ _ _ _ _ _ _ _ _ _ _ _ _ _ _ _ _ _ _ _ _ _ _ _ _\nDriverScript\\driverScript.py:31: in execute\n    getattr(y, keywordKey)(conftest.gen)\nkeywords\\genKeyword.py:181: in validateTitle\n    self.reportFailure(\"Title validation failed...Got title as \"+actualTitle+\" instead of \"+expectedTitle)\n_ _ _ _ _ _ _ _ _ _ _ _ _ _ _ _ _ _ _ _ _ _ _ _ _ _ _ _ _ _ _ _ _ _ _ _ _ _ _ _ _ _ _ _ _ _ _ _ _ _ _ _ _ _ _ _ _ _ _ _ _ _ _ _ _ _ _ _ _ _ _ _ _ _ _ _ _ _ _ _ _ _ _ _ _ _ _ _ _ _ _ _ _ _ _ _ _ _ _ _ _ _ _ _\n\nself = <keywords.genKeyword.genKeywords object at 0x00000175F3E68970>, message = 'Title validation failed...Got title as One Link instead of ONE LINK'\n\n    def reportFailure(self, message):\n        self.takeScreenshot()\n        self.logging(message)\n        with allure.step(message):\n>           assert False, message\nE           AssertionError: Title validation failed...Got title as One Link instead of ONE LINK\n\nkeywords\\genKeyword.py:162: AssertionError"}, "steps": [{"name": "Opening Browser - firefox", "status": "passed", "steps": [{"name": "Browser -firefox opened and maximized successfully", "status": "passed", "start": 1631462436031, "stop": 1631462436031}], "start": 1631462427477, "stop": 1631462436031}, {"name": "Navigate to URL - https://10.228.81.11:8443/onelink-web", "status": "passed", "steps": [{"name": "Navigated to url - https://10.228.81.11:8443/onelink-web successfully", "status": "passed", "start": 1631462438753, "stop": 1631462438753}], "start": 1631462436031, "stop": 1631462438753}, {"name": "Validating Url Title...", "status": "failed", "statusDetails": {"message": "AssertionError: Title validation failed...Got title as One Link instead of ONE LINK\n", "trace": "  File \"C:\\Users\\kumarmu\\Documents\\pythonSelenium\\HybridFramework\\keywords\\genKeyword.py\", line 181, in validateTitle\n    self.reportFailure(\"Title validation failed...Got title as \"+actualTitle+\" instead of \"+expectedTitle)\n  File \"C:\\Users\\kumarmu\\Documents\\pythonSelenium\\HybridFramework\\keywords\\genKeyword.py\", line 162, in reportFailure\n    assert False, message\n"}, "steps": [{"name": "Title validation failed...Got title as One Link instead of ONE LINK", "status": "failed", "statusDetails": {"message": "AssertionError: Title validation failed...Got title as One Link instead of ONE LINK\n", "trace": "  File \"C:\\Users\\kumarmu\\Documents\\pythonSelenium\\HybridFramework\\keywords\\genKeyword.py\", line 162, in reportFailure\n    assert False, message\n"}, "start": 1631462439285, "stop": 1631462439285}], "attachments": [{"name": "Screenshot taken at : 2021-09-12 21:30:39.277883", "source": "78c9d335-c141-4f44-ac66-209b94b00d86-attachment.png", "type": "image/png"}], "start": 1631462438770, "stop": 1631462439290}], "attachments": [{"name": "log", "source": "35fc5fbe-eb3d-4846-99da-f2528af12888-attachment.txt", "type": "text/plain"}], "parameters": [{"name": "argVals", "value": "{'RunMode': 'Y', 'Browser': 'firefox', 'Username': 'super', 'Password': 'super1'}"}], "start": 1631462427452, "stop": 1631462439291, "uuid": "d72d3e38-e67c-4a9c-bfd9-3cc4db684ee0", "historyId": "fe93338810493b3d3b823e83dc3e5d2a", "testCaseId": "80d3254c12c39e395d54908b09e213a0", "fullName": "testcases.test_Login.Test_Login#test_Login", "labels": [{"name": "tag", "value": "@pytest.mark.usefixtures('base_fixture')"}, {"name": "parentSuite", "value": "testcases"}, {"name": "suite", "value": "test_Login"}, {"name": "subSuite", "value": "Test_Login"}, {"name": "host", "value": "L34687"}, {"name": "thread", "value": "11836-MainThread"}, {"name": "framework", "value": "pytest"}, {"name": "language", "value": "cpython3"}, {"name": "package", "value": "testcases.test_Login"}]}